0 info it worked if it ends with ok
1 verbose cli [ '/home/byronlun/.nvm/versions/node/v5.7.1/bin/node',
1 verbose cli   '/home/byronlun/.nvm/versions/node/v5.7.1/bin/npm',
1 verbose cli   'run',
1 verbose cli   'crawler_1' ]
2 info using npm@3.6.0
3 info using node@v5.7.1
4 verbose stack Error: Failed to parse json
4 verbose stack Trailing comma in object at 11:3
4 verbose stack   },
4 verbose stack   ^
4 verbose stack     at parseError (/home/byronlun/.nvm/versions/node/v5.7.1/lib/node_modules/npm/node_modules/read-package-json/read-json.js:379:11)
4 verbose stack     at parseJson (/home/byronlun/.nvm/versions/node/v5.7.1/lib/node_modules/npm/node_modules/read-package-json/read-json.js:68:23)
4 verbose stack     at /home/byronlun/.nvm/versions/node/v5.7.1/lib/node_modules/npm/node_modules/read-package-json/read-json.js:48:5
4 verbose stack     at /home/byronlun/.nvm/versions/node/v5.7.1/lib/node_modules/npm/node_modules/graceful-fs/graceful-fs.js:76:16
4 verbose stack     at tryToString (fs.js:414:3)
4 verbose stack     at FSReqWrap.readFileAfterClose [as oncomplete] (fs.js:401:12)
5 verbose cwd /home/byronlun/frontend/repo/what-I-learn/nodejs-demo/crawler
6 error Linux 3.19.0-25-generic
7 error argv "/home/byronlun/.nvm/versions/node/v5.7.1/bin/node" "/home/byronlun/.nvm/versions/node/v5.7.1/bin/npm" "run" "crawler_1"
8 error node v5.7.1
9 error npm  v3.6.0
10 error file /home/byronlun/frontend/repo/what-I-learn/nodejs-demo/crawler/package.json
11 error code EJSONPARSE
12 error Failed to parse json
12 error Trailing comma in object at 11:3
12 error   },
12 error   ^
13 error File: /home/byronlun/frontend/repo/what-I-learn/nodejs-demo/crawler/package.json
14 error Failed to parse package.json data.
14 error package.json must be actual JSON, not just JavaScript.
14 error
14 error This is not a bug in npm.
14 error Tell the package author to fix their package.json file. JSON.parse
15 verbose exit [ 1, true ]
